make all --print-data-base --no-builtin-variables --no-builtin-rules --question
make: *** No rule to make target 'all'.  Stop.

# GNU Make 4.3
 
# Built for x86_64-redhat-linux-gnu
 
# Copyright (C) 1988-2020 Free Software Foundation, Inc.
 
# License GPLv3+: GNU GPL version 3 or later <http://gnu.org/licenses/gpl.html>
 
# This is free software: you are free to change and redistribute it.
 
# There is NO WARRANTY, to the extent permitted by law.
 

 
# Make data base, printed on Fri Jun 17 07:01:54 2022
 

# Variables
 

 
# environment
 
LC_ALL = C
 
# environment
 
PGHOST = localhost
 
# environment
 
SELINUX_USE_CURRENT_RANGE = 
 
# environment
 
VSCODE_CWD = /home/meow
 
# environment
 
LESS_TERMCAP_me = [0m
 
# default
 
MAKE_COMMAND := make
 
# environment
VSCODE_HANDLES_SIGPIPE = true
# environment
GOPATH = /home/meow/go
# automatic
@D = $(patsubst %/,%,$(dir $@))
# environment
VSCODE_HANDLES_UNCAUGHT_ERRORS = true
# default
.VARIABLES := 
# environment
PWD = /home/meow/sunbeam
# automatic
%D = $(patsubst %/,%,$(dir $%))
# environment
HOSTNAME = Rootspring
# environment
MAIL = /var/spool/mail/meow
# environment
OLDPWD = /home/meow
# automatic
^D = $(patsubst %/,%,$(dir $^))
# environment
VSCODE_LOG_STACK = false
# automatic
%F = $(notdir $%)
# environment
LANG = C
# default
.LOADED := 
# environment
LESS_TERMCAP_md = [01;31m
# default
.INCLUDE_DIRS = /usr/include /usr/local/include /usr/include
# makefile
MAKEFLAGS = pqrR
# environment
LESS_TERMCAP_so = [00;47;30m
# makefile
CURDIR := /home/meow/sunbeam
# environment
VSCODE_PIPE_LOGGING = true
# environment
APPLICATION_INSIGHTS_NO_DIAGNOSTIC_CHANNEL = true
# environment
LESSOPEN = | /usr/bin/env lesspipe.sh %s 2>&-
# automatic
*D = $(patsubst %/,%,$(dir $*))
# environment
LESS_TERMCAP_ue = [0m
# environment
MFLAGS = -pqrR
# default
.SHELLFLAGS := -c
# environment
HISTSIZE = 10000
# automatic
+D = $(patsubst %/,%,$(dir $+))
# makefile
MAKEFILE_LIST := 
# automatic
@F = $(notdir $@)
# environment
SELINUX_ROLE_REQUESTED = 
# environment
VSCODE_VERBOSE_LOGGING = true
# environment
XDG_SESSION_TYPE = tty
# automatic
?D = $(patsubst %/,%,$(dir $?))
# automatic
*F = $(notdir $*)
# environment
DBUS_SESSION_BUS_ADDRESS = unix:path=/run/user/1000/bus
# automatic
<D = $(patsubst %/,%,$(dir $<))
# environment
VSCODE_NLS_CONFIG = {"locale":"en","availableLanguages":{}}
# default
MAKE_HOST := x86_64-redhat-linux-gnu
# makefile
SHELL = /bin/sh
# environment
LESS_TERMCAP_us = [01;32m
# default
MAKECMDGOALS := all
# environment
SHLVL = 2
# environment
MAKELEVEL := 0
# default
MAKE = $(MAKE_COMMAND)
# environment
PATH = /home/meow/.vscode-server/bin/c3511e6c69bb39013c4a4b7b9566ec1ca73fc4d5/bin/remote-cli:/home/meow/.local/bin:/home/meow/FatesList/modules/infra/flamepaw:/home/meow/src/go/bin:/home/meow/bin:/usr/local/bin:/usr/local/sbin:/home/meow/.cargo/bin:/usr/bin:/usr/sbin
# environment
LESS_TERMCAP_se = [0m
# default
MAKEFILES := 
# environment
MOTD_SHOWN = pam
# automatic
^F = $(notdir $^)
# environment
VIRTUAL_ENV_DISABLE_PROMPT = 1
# environment
LESS_TERMCAP_mb = [01;31m
# environment
SSH_CLIENT = 100.107.211.30 56006 911
# environment
VSCODE_LOG_NATIVE = false
# automatic
?F = $(notdir $?)
# environment
LS_COLORS = di=34:ln=35:so=32:pi=33:ex=31:bd=36;01:cd=33;01:su=31;40;07:sg=36;40;07:tw=32;40;07:ow=33;40;07:
# automatic
+F = $(notdir $+)
# environment
LESS = -g -i -M -R -S -w -X -z-4
# 'override' directive
GNUMAKEFLAGS := 
# environment
BROWSER = /home/meow/.vscode-server/bin/c3511e6c69bb39013c4a4b7b9566ec1ca73fc4d5/bin/helpers/browser.sh
# environment
GREP_COLOR = 37;45
# environment
GREP_COLORS = mt=37;45
# environment
LOGNAME = meow
# makefile
.DEFAULT_GOAL := 
# environment
HISTCONTROL = ignoredups
# environment
EDITOR = nano
# environment
USER = meow
# environment
PGPORT = 1000
# default
MAKE_VERSION := 4.3
# environment
PGDATABASE = fateslist
# environment
PGPASSWORD = oXGBfA81fsuiO0V5iVzt7YNpiNf-OVaoSrBZiGWVFRI
# environment
which_declare = typeset -f
# environment
VSCODE_EXTHOST_WILL_SEND_SOCKET = true
# environment
DEBUGINFOD_URLS = https://debuginfod.fedoraproject.org/ 
# environment
PAGER = less
# environment
VSCODE_AGENT_FOLDER = /home/meow/.vscode-server
# environment
_ = /usr/bin/make
# environment
XDG_RUNTIME_DIR = /run/user/1000
# environment
VSCODE_IPC_HOOK_CLI = /run/user/1000/vscode-ipc-39fc97b5-0faf-4fd9-8770-2ec3bb79684d.sock
# environment
GOMODCACHE = /home/meow/go/pkg/mod
# environment
VISUAL = nano
# environment
XDG_SESSION_CLASS = user
# environment
VSCODE_AMD_ENTRYPOINT = vs/workbench/api/node/extensionHostProcess
# environment
HOME = /home/meow
# environment
SELINUX_LEVEL_REQUESTED = 
# environment
CYCLONE_TOKEN = NzQ1MjI2MjI1NDU0NDE1OTIz.XzusAQ.iFqKilQ8bDXkEvzS052GO8a1EWc
# environment
XDG_SESSION_ID = 105
# environment
GOPROXY = direct
# default
.RECIPEPREFIX := 
# automatic
<F = $(notdir $<)
# default
SUFFIXES := 
# environment
PGUSER = fateslist
# default
.FEATURES := target-specific order-only second-expansion else-if shortest-stem undefine oneshell nocomment grouped-target extra-prereqs archives jobserver output-sync check-symlink guile load
# environment
SSH_CONNECTION = 100.107.211.30 56006 100.67.94.49 911
# variable set hash-table stats:
# Load=101/1024=10%, Rehash=0, Collisions=8/128=6%

# Pattern-specific Variable Values

# No pattern-specific variable values.

# Directories

# . (device 64513, inode 335875): 25 files, no impossibilities.

# 25 files, no impossibilities in 1 directories.

# Implicit Rules

# No implicit rules.

# Files

# Not a target:
Makefile:
#  Implicit rule search has been done.
#  File does not exist.
#  File has been updated.
#  Failed to be updated.

# Not a target:
.DEFAULT:
#  Implicit rule search has not been done.
#  Modification time never checked.
#  File has not been updated.

# Not a target:
all:
#  Command line target.
#  Implicit rule search has been done.
#  File does not exist.
#  File has not been updated.

# Not a target:
makefile:
#  Implicit rule search has been done.
#  File does not exist.
#  File has been updated.
#  Failed to be updated.

# Not a target:
GNUmakefile:
#  Implicit rule search has been done.
#  File does not exist.
#  File has been updated.
#  Failed to be updated.

# files hash-table stats:
# Load=6/1024=1%, Rehash=0, Collisions=0/15=0%
# VPATH Search Paths

# No 'vpath' search paths.

# No general ('VPATH' variable) search path.

# strcache buffers: 1 (0) / strings = 33 / storage = 357 B / avg = 10 B
# current buf: size = 8162 B / used = 357 B / count = 33 / avg = 10 B

# strcache performance: lookups = 36 / hit rate = 8%
# hash-table stats:
# Load=33/8192=0%, Rehash=0, Collisions=0/36=0%
# Finished Make data base on Fri Jun 17 07:01:54 2022

 
